<root>
	<head>
		<title></title>
	</head>
	<body>
		<h1>This is Foo!</h1>
		<p>This not supposed to be valid HTML</p>
		<div id="container" />
	</body>
</root>